{"C:\\Users\\Jae\\gameapps\\Vidly\\index.js": {"path":"C:\\Users\\Jae\\gameapps\\Vidly\\index.js","statementMap":{"0":{"start":{"line":1,"column":24},"end":{"line":1,"column":55}},"1":{"start":{"line":2,"column":19},"end":{"line":2,"column":45}},"2":{"start":{"line":3,"column":16},"end":{"line":3,"column":34}},"3":{"start":{"line":4,"column":19},"end":{"line":4,"column":42}},"4":{"start":{"line":5,"column":23},"end":{"line":5,"column":41}},"5":{"start":{"line":6,"column":15},"end":{"line":6,"column":32}},"6":{"start":{"line":7,"column":15},"end":{"line":7,"column":32}},"7":{"start":{"line":8,"column":16},"end":{"line":8,"column":34}},"8":{"start":{"line":9,"column":16},"end":{"line":9,"column":34}},"9":{"start":{"line":11,"column":12},"end":{"line":11,"column":21}},"10":{"start":{"line":13,"column":0},"end":{"line":13,"column":29}},"11":{"start":{"line":14,"column":0},"end":{"line":14,"column":33}},"12":{"start":{"line":15,"column":0},"end":{"line":15,"column":26}},"13":{"start":{"line":16,"column":0},"end":{"line":16,"column":30}},"14":{"start":{"line":17,"column":0},"end":{"line":17,"column":34}},"15":{"start":{"line":19,"column":0},"end":{"line":19,"column":27}},"16":{"start":{"line":20,"column":0},"end":{"line":20,"column":34}},"17":{"start":{"line":21,"column":0},"end":{"line":21,"column":18}},"18":{"start":{"line":23,"column":0},"end":{"line":23,"column":30}},"19":{"start":{"line":24,"column":0},"end":{"line":24,"column":28}},"20":{"start":{"line":27,"column":0},"end":{"line":27,"column":44}},"21":{"start":{"line":29,"column":0},"end":{"line":33,"column":1}},"22":{"start":{"line":30,"column":4},"end":{"line":30,"column":28}},"23":{"start":{"line":32,"column":4},"end":{"line":32,"column":42}},"24":{"start":{"line":35,"column":13},"end":{"line":35,"column":37}},"25":{"start":{"line":36,"column":15},"end":{"line":36,"column":83}},"26":{"start":{"line":36,"column":38},"end":{"line":36,"column":82}},"27":{"start":{"line":38,"column":0},"end":{"line":38,"column":24}}},"fnMap":{"0":{"name":"(anonymous_0)","decl":{"start":{"line":36,"column":32},"end":{"line":36,"column":33}},"loc":{"start":{"line":36,"column":38},"end":{"line":36,"column":82}},"line":36}},"branchMap":{"0":{"loc":{"start":{"line":29,"column":0},"end":{"line":33,"column":1}},"type":"if","locations":[{"start":{"line":29,"column":0},"end":{"line":33,"column":1}},{"start":{"line":29,"column":0},"end":{"line":33,"column":1}}],"line":29},"1":{"loc":{"start":{"line":35,"column":13},"end":{"line":35,"column":37}},"type":"binary-expr","locations":[{"start":{"line":35,"column":13},"end":{"line":35,"column":29}},{"start":{"line":35,"column":33},"end":{"line":35,"column":37}}],"line":35}},"s":{"0":3,"1":3,"2":3,"3":3,"4":3,"5":3,"6":3,"7":3,"8":3,"9":3,"10":3,"11":3,"12":3,"13":3,"14":3,"15":3,"16":3,"17":3,"18":3,"19":3,"20":3,"21":3,"22":0,"23":0,"24":3,"25":3,"26":3,"27":3},"f":{"0":3},"b":{"0":[0,3],"1":[3,3]},"_coverageSchema":"1a1c01bbd47fc00a2c39e90264f33305004495a9","hash":"e98fcd8750d919a8bc46689a054e77c99e83d2d1"}
,"C:\\Users\\Jae\\gameapps\\Vidly\\middleware.js": {"path":"C:\\Users\\Jae\\gameapps\\Vidly\\middleware.js","statementMap":{"0":{"start":{"line":4,"column":4},"end":{"line":4,"column":31}},"1":{"start":{"line":5,"column":4},"end":{"line":5,"column":11}},"2":{"start":{"line":9,"column":4},"end":{"line":9,"column":38}},"3":{"start":{"line":10,"column":4},"end":{"line":10,"column":11}},"4":{"start":{"line":13,"column":0},"end":{"line":13,"column":24}},"5":{"start":{"line":14,"column":0},"end":{"line":14,"column":38}}},"fnMap":{"0":{"name":"logger","decl":{"start":{"line":3,"column":9},"end":{"line":3,"column":15}},"loc":{"start":{"line":3,"column":33},"end":{"line":6,"column":1}},"line":3},"1":{"name":"authenticator","decl":{"start":{"line":8,"column":9},"end":{"line":8,"column":22}},"loc":{"start":{"line":8,"column":40},"end":{"line":11,"column":1}},"line":8}},"branchMap":{},"s":{"0":0,"1":0,"2":0,"3":0,"4":3,"5":3},"f":{"0":0,"1":0},"b":{},"_coverageSchema":"1a1c01bbd47fc00a2c39e90264f33305004495a9","hash":"654cc18d6984225701b49545d4f56cfa66295262"}
,"C:\\Users\\Jae\\gameapps\\Vidly\\middleware\\admin.js": {"path":"C:\\Users\\Jae\\gameapps\\Vidly\\middleware\\admin.js","statementMap":{"0":{"start":{"line":1,"column":12},"end":{"line":1,"column":35}},"1":{"start":{"line":2,"column":15},"end":{"line":2,"column":32}},"2":{"start":{"line":4,"column":0},"end":{"line":10,"column":1}},"3":{"start":{"line":7,"column":4},"end":{"line":7,"column":73}},"4":{"start":{"line":7,"column":27},"end":{"line":7,"column":73}},"5":{"start":{"line":9,"column":4},"end":{"line":9,"column":11}}},"fnMap":{"0":{"name":"admin","decl":{"start":{"line":4,"column":26},"end":{"line":4,"column":31}},"loc":{"start":{"line":4,"column":48},"end":{"line":10,"column":1}},"line":4}},"branchMap":{"0":{"loc":{"start":{"line":7,"column":4},"end":{"line":7,"column":73}},"type":"if","locations":[{"start":{"line":7,"column":4},"end":{"line":7,"column":73}},{"start":{"line":7,"column":4},"end":{"line":7,"column":73}}],"line":7}},"s":{"0":3,"1":3,"2":3,"3":0,"4":0,"5":0},"f":{"0":0},"b":{"0":[0,0]},"_coverageSchema":"1a1c01bbd47fc00a2c39e90264f33305004495a9","hash":"d20153be7540df2c5d449a1b7eef7563b5ada7d0"}
,"C:\\Users\\Jae\\gameapps\\Vidly\\middleware\\async.js": {"path":"C:\\Users\\Jae\\gameapps\\Vidly\\middleware\\async.js","statementMap":{"0":{"start":{"line":1,"column":0},"end":{"line":10,"column":1}},"1":{"start":{"line":2,"column":4},"end":{"line":9,"column":5}},"2":{"start":{"line":3,"column":8},"end":{"line":8,"column":9}},"3":{"start":{"line":4,"column":12},"end":{"line":4,"column":36}},"4":{"start":{"line":7,"column":12},"end":{"line":7,"column":21}}},"fnMap":{"0":{"name":"asyncMiddleware","decl":{"start":{"line":1,"column":26},"end":{"line":1,"column":41}},"loc":{"start":{"line":1,"column":51},"end":{"line":10,"column":1}},"line":1},"1":{"name":"(anonymous_1)","decl":{"start":{"line":2,"column":11},"end":{"line":2,"column":12}},"loc":{"start":{"line":2,"column":37},"end":{"line":9,"column":5}},"line":2}},"branchMap":{},"s":{"0":3,"1":6,"2":6,"3":6,"4":0},"f":{"0":6,"1":6},"b":{},"_coverageSchema":"1a1c01bbd47fc00a2c39e90264f33305004495a9","hash":"4cc4c31aac79ff3ac0597340af722d6af38f8c3a"}
,"C:\\Users\\Jae\\gameapps\\Vidly\\middleware\\auth.js": {"path":"C:\\Users\\Jae\\gameapps\\Vidly\\middleware\\auth.js","statementMap":{"0":{"start":{"line":1,"column":12},"end":{"line":1,"column":35}},"1":{"start":{"line":2,"column":15},"end":{"line":2,"column":32}},"2":{"start":{"line":4,"column":0},"end":{"line":17,"column":1}},"3":{"start":{"line":5,"column":18},"end":{"line":5,"column":44}},"4":{"start":{"line":6,"column":4},"end":{"line":6,"column":80}},"5":{"start":{"line":6,"column":16},"end":{"line":6,"column":80}},"6":{"start":{"line":8,"column":4},"end":{"line":15,"column":5}},"7":{"start":{"line":9,"column":24},"end":{"line":9,"column":70}},"8":{"start":{"line":10,"column":8},"end":{"line":10,"column":27}},"9":{"start":{"line":11,"column":8},"end":{"line":11,"column":15}},"10":{"start":{"line":14,"column":8},"end":{"line":14,"column":47}}},"fnMap":{"0":{"name":"auth","decl":{"start":{"line":4,"column":26},"end":{"line":4,"column":30}},"loc":{"start":{"line":4,"column":47},"end":{"line":17,"column":1}},"line":4}},"branchMap":{"0":{"loc":{"start":{"line":6,"column":4},"end":{"line":6,"column":80}},"type":"if","locations":[{"start":{"line":6,"column":4},"end":{"line":6,"column":80}},{"start":{"line":6,"column":4},"end":{"line":6,"column":80}}],"line":6}},"s":{"0":4,"1":4,"2":4,"3":18,"4":18,"5":3,"6":15,"7":15,"8":14,"9":14,"10":1},"f":{"0":18},"b":{"0":[3,15]},"_coverageSchema":"1a1c01bbd47fc00a2c39e90264f33305004495a9","hash":"cfc2d4f7f8a644ee9ccd0d8bc2de438d6c05da5e"}
,"C:\\Users\\Jae\\gameapps\\Vidly\\middleware\\error.js": {"path":"C:\\Users\\Jae\\gameapps\\Vidly\\middleware\\error.js","statementMap":{"0":{"start":{"line":1,"column":16},"end":{"line":1,"column":34}},"1":{"start":{"line":3,"column":0},"end":{"line":14,"column":1}},"2":{"start":{"line":4,"column":4},"end":{"line":4,"column":36}},"3":{"start":{"line":13,"column":4},"end":{"line":13,"column":60}}},"fnMap":{"0":{"name":"(anonymous_0)","decl":{"start":{"line":3,"column":17},"end":{"line":3,"column":18}},"loc":{"start":{"line":3,"column":47},"end":{"line":14,"column":1}},"line":3}},"branchMap":{},"s":{"0":3,"1":3,"2":0,"3":0},"f":{"0":0},"b":{},"_coverageSchema":"1a1c01bbd47fc00a2c39e90264f33305004495a9","hash":"62643768b43828fc9ca08b23e81750c9004a06ae"}
,"C:\\Users\\Jae\\gameapps\\Vidly\\middleware\\validateObjectId.js": {"path":"C:\\Users\\Jae\\gameapps\\Vidly\\middleware\\validateObjectId.js","statementMap":{"0":{"start":{"line":1,"column":17},"end":{"line":1,"column":36}},"1":{"start":{"line":3,"column":0},"end":{"line":7,"column":1}},"2":{"start":{"line":4,"column":4},"end":{"line":4,"column":99}},"3":{"start":{"line":4,"column":56},"end":{"line":4,"column":99}},"4":{"start":{"line":6,"column":4},"end":{"line":6,"column":11}}},"fnMap":{"0":{"name":"(anonymous_0)","decl":{"start":{"line":3,"column":17},"end":{"line":3,"column":18}},"loc":{"start":{"line":3,"column":42},"end":{"line":7,"column":1}},"line":3}},"branchMap":{"0":{"loc":{"start":{"line":4,"column":4},"end":{"line":4,"column":99}},"type":"if","locations":[{"start":{"line":4,"column":4},"end":{"line":4,"column":99}},{"start":{"line":4,"column":4},"end":{"line":4,"column":99}}],"line":4}},"s":{"0":3,"1":3,"2":2,"3":1,"4":1},"f":{"0":2},"b":{"0":[1,1]},"_coverageSchema":"1a1c01bbd47fc00a2c39e90264f33305004495a9","hash":"be23e24e15176ccd36f936a9f95fc30178db1591"}
,"C:\\Users\\Jae\\gameapps\\Vidly\\models\\customer.js": {"path":"C:\\Users\\Jae\\gameapps\\Vidly\\models\\customer.js","statementMap":{"0":{"start":{"line":1,"column":12},"end":{"line":1,"column":26}},"1":{"start":{"line":2,"column":17},"end":{"line":2,"column":36}},"2":{"start":{"line":4,"column":23},"end":{"line":8,"column":2}},"3":{"start":{"line":11,"column":17},"end":{"line":11,"column":59}},"4":{"start":{"line":14,"column":4},"end":{"line":14,"column":52}},"5":{"start":{"line":15,"column":19},"end":{"line":19,"column":5}},"6":{"start":{"line":20,"column":4},"end":{"line":20,"column":42}},"7":{"start":{"line":23,"column":0},"end":{"line":23,"column":28}},"8":{"start":{"line":24,"column":0},"end":{"line":24,"column":36}}},"fnMap":{"0":{"name":"validateCustomer","decl":{"start":{"line":13,"column":9},"end":{"line":13,"column":25}},"loc":{"start":{"line":13,"column":37},"end":{"line":21,"column":1}},"line":13}},"branchMap":{},"s":{"0":3,"1":3,"2":3,"3":3,"4":0,"5":0,"6":0,"7":3,"8":3},"f":{"0":0},"b":{},"_coverageSchema":"1a1c01bbd47fc00a2c39e90264f33305004495a9","hash":"467913d6c9e0854a89adf6c3efbd3bb454800120"}
,"C:\\Users\\Jae\\gameapps\\Vidly\\models\\genre.js": {"path":"C:\\Users\\Jae\\gameapps\\Vidly\\models\\genre.js","statementMap":{"0":{"start":{"line":1,"column":12},"end":{"line":1,"column":26}},"1":{"start":{"line":2,"column":17},"end":{"line":2,"column":36}},"2":{"start":{"line":5,"column":20},"end":{"line":14,"column":2}},"3":{"start":{"line":17,"column":14},"end":{"line":17,"column":50}},"4":{"start":{"line":20,"column":4},"end":{"line":20,"column":52}},"5":{"start":{"line":21,"column":19},"end":{"line":23,"column":5}},"6":{"start":{"line":24,"column":4},"end":{"line":24,"column":39}},"7":{"start":{"line":27,"column":0},"end":{"line":27,"column":22}},"8":{"start":{"line":28,"column":0},"end":{"line":28,"column":33}},"9":{"start":{"line":29,"column":0},"end":{"line":29,"column":34}}},"fnMap":{"0":{"name":"validateGenre","decl":{"start":{"line":19,"column":9},"end":{"line":19,"column":22}},"loc":{"start":{"line":19,"column":31},"end":{"line":25,"column":1}},"line":19}},"branchMap":{},"s":{"0":3,"1":3,"2":3,"3":3,"4":5,"5":5,"6":5,"7":3,"8":3,"9":3},"f":{"0":5},"b":{},"_coverageSchema":"1a1c01bbd47fc00a2c39e90264f33305004495a9","hash":"762a800f0e76b860e490aa24a0ff43791a541f4b"}
,"C:\\Users\\Jae\\gameapps\\Vidly\\models\\movie.js": {"path":"C:\\Users\\Jae\\gameapps\\Vidly\\models\\movie.js","statementMap":{"0":{"start":{"line":1,"column":17},"end":{"line":1,"column":36}},"1":{"start":{"line":2,"column":24},"end":{"line":2,"column":42}},"2":{"start":{"line":4,"column":20},"end":{"line":28,"column":2}},"3":{"start":{"line":31,"column":14},"end":{"line":31,"column":50}},"4":{"start":{"line":34,"column":19},"end":{"line":40,"column":5}},"5":{"start":{"line":41,"column":4},"end":{"line":41,"column":39}},"6":{"start":{"line":44,"column":0},"end":{"line":44,"column":22}},"7":{"start":{"line":45,"column":0},"end":{"line":45,"column":33}}},"fnMap":{"0":{"name":"validateMovie","decl":{"start":{"line":33,"column":9},"end":{"line":33,"column":22}},"loc":{"start":{"line":33,"column":31},"end":{"line":42,"column":1}},"line":33}},"branchMap":{},"s":{"0":3,"1":3,"2":3,"3":3,"4":0,"5":0,"6":3,"7":3},"f":{"0":0},"b":{},"_coverageSchema":"1a1c01bbd47fc00a2c39e90264f33305004495a9","hash":"d0747ec6691c205bec1fc0bf2749c01e359b6ecf"}
,"C:\\Users\\Jae\\gameapps\\Vidly\\models\\rental.js": {"path":"C:\\Users\\Jae\\gameapps\\Vidly\\models\\rental.js","statementMap":{"0":{"start":{"line":1,"column":12},"end":{"line":1,"column":26}},"1":{"start":{"line":2,"column":17},"end":{"line":2,"column":36}},"2":{"start":{"line":5,"column":21},"end":{"line":58,"column":2}},"3":{"start":{"line":61,"column":15},"end":{"line":61,"column":53}},"4":{"start":{"line":65,"column":19},"end":{"line":68,"column":5}},"5":{"start":{"line":69,"column":4},"end":{"line":69,"column":39}},"6":{"start":{"line":72,"column":0},"end":{"line":72,"column":24}},"7":{"start":{"line":73,"column":0},"end":{"line":73,"column":34}}},"fnMap":{"0":{"name":"validateRental","decl":{"start":{"line":63,"column":9},"end":{"line":63,"column":23}},"loc":{"start":{"line":63,"column":32},"end":{"line":70,"column":1}},"line":63}},"branchMap":{},"s":{"0":3,"1":3,"2":3,"3":3,"4":0,"5":0,"6":3,"7":3},"f":{"0":0},"b":{},"_coverageSchema":"1a1c01bbd47fc00a2c39e90264f33305004495a9","hash":"f8019f03ae96ed2e4ac5ad7aa55142fb9fc06329"}
,"C:\\Users\\Jae\\gameapps\\Vidly\\models\\user.js": {"path":"C:\\Users\\Jae\\gameapps\\Vidly\\models\\user.js","statementMap":{"0":{"start":{"line":1,"column":17},"end":{"line":1,"column":36}},"1":{"start":{"line":2,"column":12},"end":{"line":2,"column":26}},"2":{"start":{"line":3,"column":12},"end":{"line":3,"column":35}},"3":{"start":{"line":4,"column":15},"end":{"line":4,"column":32}},"4":{"start":{"line":6,"column":19},"end":{"line":27,"column":2}},"5":{"start":{"line":29,"column":0},"end":{"line":32,"column":1}},"6":{"start":{"line":30,"column":18},"end":{"line":30,"column":97}},"7":{"start":{"line":31,"column":4},"end":{"line":31,"column":17}},"8":{"start":{"line":34,"column":13},"end":{"line":34,"column":47}},"9":{"start":{"line":38,"column":19},"end":{"line":42,"column":5}},"10":{"start":{"line":43,"column":4},"end":{"line":43,"column":38}},"11":{"start":{"line":46,"column":0},"end":{"line":46,"column":32}},"12":{"start":{"line":47,"column":0},"end":{"line":47,"column":20}}},"fnMap":{"0":{"name":"(anonymous_0)","decl":{"start":{"line":29,"column":39},"end":{"line":29,"column":40}},"loc":{"start":{"line":29,"column":50},"end":{"line":32,"column":1}},"line":29},"1":{"name":"validateUser","decl":{"start":{"line":36,"column":9},"end":{"line":36,"column":21}},"loc":{"start":{"line":36,"column":29},"end":{"line":44,"column":1}},"line":36}},"branchMap":{},"s":{"0":5,"1":5,"2":5,"3":5,"4":5,"5":5,"6":20,"7":20,"8":5,"9":0,"10":0,"11":5,"12":5},"f":{"0":20,"1":0},"b":{},"_coverageSchema":"1a1c01bbd47fc00a2c39e90264f33305004495a9","hash":"a06793840b0c462764e298b2a184f17bfedf60ea"}
,"C:\\Users\\Jae\\gameapps\\Vidly\\routes\\auth.js": {"path":"C:\\Users\\Jae\\gameapps\\Vidly\\routes\\auth.js","statementMap":{"0":{"start":{"line":1,"column":15},"end":{"line":1,"column":32}},"1":{"start":{"line":2,"column":17},"end":{"line":2,"column":42}},"2":{"start":{"line":3,"column":16},"end":{"line":3,"column":34}},"3":{"start":{"line":4,"column":10},"end":{"line":4,"column":27}},"4":{"start":{"line":5,"column":12},"end":{"line":5,"column":26}},"5":{"start":{"line":7,"column":15},"end":{"line":7,"column":31}},"6":{"start":{"line":10,"column":0},"end":{"line":26,"column":2}},"7":{"start":{"line":12,"column":22},"end":{"line":12,"column":40}},"8":{"start":{"line":13,"column":4},"end":{"line":13,"column":71}},"9":{"start":{"line":13,"column":14},"end":{"line":13,"column":71}},"10":{"start":{"line":16,"column":15},"end":{"line":16,"column":60}},"11":{"start":{"line":17,"column":4},"end":{"line":17,"column":73}},"12":{"start":{"line":17,"column":14},"end":{"line":17,"column":73}},"13":{"start":{"line":20,"column":26},"end":{"line":20,"column":80}},"14":{"start":{"line":21,"column":4},"end":{"line":21,"column":83}},"15":{"start":{"line":21,"column":24},"end":{"line":21,"column":83}},"16":{"start":{"line":23,"column":18},"end":{"line":23,"column":42}},"17":{"start":{"line":25,"column":4},"end":{"line":25,"column":20}},"18":{"start":{"line":30,"column":19},"end":{"line":33,"column":5}},"19":{"start":{"line":34,"column":4},"end":{"line":34,"column":37}},"20":{"start":{"line":38,"column":0},"end":{"line":38,"column":24}}},"fnMap":{"0":{"name":"(anonymous_0)","decl":{"start":{"line":10,"column":17},"end":{"line":10,"column":18}},"loc":{"start":{"line":10,"column":37},"end":{"line":26,"column":1}},"line":10},"1":{"name":"validate","decl":{"start":{"line":29,"column":9},"end":{"line":29,"column":17}},"loc":{"start":{"line":29,"column":23},"end":{"line":35,"column":1}},"line":29}},"branchMap":{"0":{"loc":{"start":{"line":13,"column":4},"end":{"line":13,"column":71}},"type":"if","locations":[{"start":{"line":13,"column":4},"end":{"line":13,"column":71}},{"start":{"line":13,"column":4},"end":{"line":13,"column":71}}],"line":13},"1":{"loc":{"start":{"line":17,"column":4},"end":{"line":17,"column":73}},"type":"if","locations":[{"start":{"line":17,"column":4},"end":{"line":17,"column":73}},{"start":{"line":17,"column":4},"end":{"line":17,"column":73}}],"line":17},"2":{"loc":{"start":{"line":21,"column":4},"end":{"line":21,"column":83}},"type":"if","locations":[{"start":{"line":21,"column":4},"end":{"line":21,"column":83}},{"start":{"line":21,"column":4},"end":{"line":21,"column":83}}],"line":21}},"s":{"0":3,"1":3,"2":3,"3":3,"4":3,"5":3,"6":3,"7":0,"8":0,"9":0,"10":0,"11":0,"12":0,"13":0,"14":0,"15":0,"16":0,"17":0,"18":0,"19":0,"20":3},"f":{"0":0,"1":0},"b":{"0":[0,0],"1":[0,0],"2":[0,0]},"_coverageSchema":"1a1c01bbd47fc00a2c39e90264f33305004495a9","hash":"2eb35ce898d80dba4d60c0d265baf26ed5d38f76"}
,"C:\\Users\\Jae\\gameapps\\Vidly\\routes\\customers.js": {"path":"C:\\Users\\Jae\\gameapps\\Vidly\\routes\\customers.js","statementMap":{"0":{"start":{"line":1,"column":31},"end":{"line":1,"column":60}},"1":{"start":{"line":2,"column":16},"end":{"line":2,"column":34}},"2":{"start":{"line":3,"column":13},"end":{"line":3,"column":42}},"3":{"start":{"line":5,"column":15},"end":{"line":5,"column":31}},"4":{"start":{"line":11,"column":0},"end":{"line":14,"column":2}},"5":{"start":{"line":12,"column":22},"end":{"line":12,"column":43}},"6":{"start":{"line":13,"column":4},"end":{"line":13,"column":24}},"7":{"start":{"line":17,"column":0},"end":{"line":24,"column":2}},"8":{"start":{"line":18,"column":21},"end":{"line":18,"column":59}},"9":{"start":{"line":21,"column":4},"end":{"line":21,"column":95}},"10":{"start":{"line":21,"column":19},"end":{"line":21,"column":95}},"11":{"start":{"line":23,"column":4},"end":{"line":23,"column":23}},"12":{"start":{"line":26,"column":0},"end":{"line":36,"column":2}},"13":{"start":{"line":27,"column":21},"end":{"line":31,"column":21}},"14":{"start":{"line":33,"column":4},"end":{"line":33,"column":95}},"15":{"start":{"line":33,"column":19},"end":{"line":33,"column":95}},"16":{"start":{"line":35,"column":4},"end":{"line":35,"column":23}},"17":{"start":{"line":38,"column":0},"end":{"line":49,"column":2}},"18":{"start":{"line":40,"column":19},"end":{"line":44,"column":6}},"19":{"start":{"line":46,"column":4},"end":{"line":46,"column":37}},"20":{"start":{"line":48,"column":4},"end":{"line":48,"column":23}},"21":{"start":{"line":51,"column":0},"end":{"line":57,"column":2}},"22":{"start":{"line":52,"column":21},"end":{"line":52,"column":68}},"23":{"start":{"line":54,"column":4},"end":{"line":54,"column":95}},"24":{"start":{"line":54,"column":19},"end":{"line":54,"column":95}},"25":{"start":{"line":56,"column":4},"end":{"line":56,"column":23}},"26":{"start":{"line":61,"column":0},"end":{"line":61,"column":24}}},"fnMap":{"0":{"name":"(anonymous_0)","decl":{"start":{"line":11,"column":22},"end":{"line":11,"column":23}},"loc":{"start":{"line":11,"column":42},"end":{"line":14,"column":1}},"line":11},"1":{"name":"(anonymous_1)","decl":{"start":{"line":17,"column":25},"end":{"line":17,"column":26}},"loc":{"start":{"line":17,"column":45},"end":{"line":24,"column":1}},"line":17},"2":{"name":"(anonymous_2)","decl":{"start":{"line":26,"column":25},"end":{"line":26,"column":26}},"loc":{"start":{"line":26,"column":45},"end":{"line":36,"column":1}},"line":26},"3":{"name":"(anonymous_3)","decl":{"start":{"line":38,"column":23},"end":{"line":38,"column":24}},"loc":{"start":{"line":38,"column":43},"end":{"line":49,"column":1}},"line":38},"4":{"name":"(anonymous_4)","decl":{"start":{"line":51,"column":28},"end":{"line":51,"column":29}},"loc":{"start":{"line":51,"column":48},"end":{"line":57,"column":1}},"line":51}},"branchMap":{"0":{"loc":{"start":{"line":21,"column":4},"end":{"line":21,"column":95}},"type":"if","locations":[{"start":{"line":21,"column":4},"end":{"line":21,"column":95}},{"start":{"line":21,"column":4},"end":{"line":21,"column":95}}],"line":21},"1":{"loc":{"start":{"line":33,"column":4},"end":{"line":33,"column":95}},"type":"if","locations":[{"start":{"line":33,"column":4},"end":{"line":33,"column":95}},{"start":{"line":33,"column":4},"end":{"line":33,"column":95}}],"line":33},"2":{"loc":{"start":{"line":54,"column":4},"end":{"line":54,"column":95}},"type":"if","locations":[{"start":{"line":54,"column":4},"end":{"line":54,"column":95}},{"start":{"line":54,"column":4},"end":{"line":54,"column":95}}],"line":54}},"s":{"0":3,"1":3,"2":3,"3":3,"4":3,"5":0,"6":0,"7":3,"8":0,"9":0,"10":0,"11":0,"12":3,"13":0,"14":0,"15":0,"16":0,"17":3,"18":0,"19":0,"20":0,"21":3,"22":0,"23":0,"24":0,"25":0,"26":3},"f":{"0":0,"1":0,"2":0,"3":0,"4":0},"b":{"0":[0,0],"1":[0,0],"2":[0,0]},"_coverageSchema":"1a1c01bbd47fc00a2c39e90264f33305004495a9","hash":"5502b787c764e079326a3e7d597dd35849ce2843"}
,"C:\\Users\\Jae\\gameapps\\Vidly\\routes\\genres.js": {"path":"C:\\Users\\Jae\\gameapps\\Vidly\\routes\\genres.js","statementMap":{"0":{"start":{"line":1,"column":28},"end":{"line":1,"column":54}},"1":{"start":{"line":2,"column":16},"end":{"line":2,"column":34}},"2":{"start":{"line":3,"column":12},"end":{"line":3,"column":26}},"3":{"start":{"line":4,"column":17},"end":{"line":4,"column":36}},"4":{"start":{"line":5,"column":13},"end":{"line":5,"column":42}},"5":{"start":{"line":6,"column":14},"end":{"line":6,"column":44}},"6":{"start":{"line":7,"column":24},"end":{"line":7,"column":54}},"7":{"start":{"line":8,"column":25},"end":{"line":8,"column":66}},"8":{"start":{"line":10,"column":15},"end":{"line":10,"column":31}},"9":{"start":{"line":16,"column":0},"end":{"line":20,"column":4}},"10":{"start":{"line":18,"column":19},"end":{"line":18,"column":50}},"11":{"start":{"line":19,"column":4},"end":{"line":19,"column":21}},"12":{"start":{"line":23,"column":0},"end":{"line":29,"column":2}},"13":{"start":{"line":25,"column":18},"end":{"line":25,"column":53}},"14":{"start":{"line":26,"column":4},"end":{"line":26,"column":89}},"15":{"start":{"line":26,"column":16},"end":{"line":26,"column":89}},"16":{"start":{"line":28,"column":4},"end":{"line":28,"column":20}},"17":{"start":{"line":32,"column":0},"end":{"line":42,"column":3}},"18":{"start":{"line":33,"column":22},"end":{"line":33,"column":40}},"19":{"start":{"line":34,"column":4},"end":{"line":34,"column":69}},"20":{"start":{"line":34,"column":15},"end":{"line":34,"column":69}},"21":{"start":{"line":36,"column":16},"end":{"line":36,"column":50}},"22":{"start":{"line":37,"column":4},"end":{"line":37,"column":23}},"23":{"start":{"line":38,"column":4},"end":{"line":38,"column":31}},"24":{"start":{"line":41,"column":4},"end":{"line":41,"column":20}},"25":{"start":{"line":46,"column":0},"end":{"line":65,"column":2}},"26":{"start":{"line":50,"column":22},"end":{"line":50,"column":40}},"27":{"start":{"line":51,"column":4},"end":{"line":51,"column":69}},"28":{"start":{"line":51,"column":15},"end":{"line":51,"column":69}},"29":{"start":{"line":55,"column":18},"end":{"line":57,"column":6}},"30":{"start":{"line":59,"column":4},"end":{"line":59,"column":89}},"31":{"start":{"line":59,"column":16},"end":{"line":59,"column":89}},"32":{"start":{"line":64,"column":4},"end":{"line":64,"column":20}},"33":{"start":{"line":68,"column":0},"end":{"line":75,"column":2}},"34":{"start":{"line":70,"column":18},"end":{"line":70,"column":62}},"35":{"start":{"line":72,"column":4},"end":{"line":72,"column":89}},"36":{"start":{"line":72,"column":16},"end":{"line":72,"column":89}},"37":{"start":{"line":74,"column":4},"end":{"line":74,"column":20}},"38":{"start":{"line":78,"column":0},"end":{"line":78,"column":24}}},"fnMap":{"0":{"name":"(anonymous_0)","decl":{"start":{"line":16,"column":32},"end":{"line":16,"column":33}},"loc":{"start":{"line":16,"column":52},"end":{"line":20,"column":1}},"line":16},"1":{"name":"(anonymous_1)","decl":{"start":{"line":23,"column":37},"end":{"line":23,"column":38}},"loc":{"start":{"line":23,"column":57},"end":{"line":29,"column":1}},"line":23},"2":{"name":"(anonymous_2)","decl":{"start":{"line":32,"column":39},"end":{"line":32,"column":40}},"loc":{"start":{"line":32,"column":59},"end":{"line":42,"column":1}},"line":32},"3":{"name":"(anonymous_3)","decl":{"start":{"line":46,"column":25},"end":{"line":46,"column":26}},"loc":{"start":{"line":46,"column":45},"end":{"line":65,"column":1}},"line":46},"4":{"name":"(anonymous_4)","decl":{"start":{"line":68,"column":37},"end":{"line":68,"column":38}},"loc":{"start":{"line":68,"column":57},"end":{"line":75,"column":1}},"line":68}},"branchMap":{"0":{"loc":{"start":{"line":26,"column":4},"end":{"line":26,"column":89}},"type":"if","locations":[{"start":{"line":26,"column":4},"end":{"line":26,"column":89}},{"start":{"line":26,"column":4},"end":{"line":26,"column":89}}],"line":26},"1":{"loc":{"start":{"line":34,"column":4},"end":{"line":34,"column":69}},"type":"if","locations":[{"start":{"line":34,"column":4},"end":{"line":34,"column":69}},{"start":{"line":34,"column":4},"end":{"line":34,"column":69}}],"line":34},"2":{"loc":{"start":{"line":51,"column":4},"end":{"line":51,"column":69}},"type":"if","locations":[{"start":{"line":51,"column":4},"end":{"line":51,"column":69}},{"start":{"line":51,"column":4},"end":{"line":51,"column":69}}],"line":51},"3":{"loc":{"start":{"line":59,"column":4},"end":{"line":59,"column":89}},"type":"if","locations":[{"start":{"line":59,"column":4},"end":{"line":59,"column":89}},{"start":{"line":59,"column":4},"end":{"line":59,"column":89}}],"line":59},"4":{"loc":{"start":{"line":72,"column":4},"end":{"line":72,"column":89}},"type":"if","locations":[{"start":{"line":72,"column":4},"end":{"line":72,"column":89}},{"start":{"line":72,"column":4},"end":{"line":72,"column":89}}],"line":72}},"s":{"0":3,"1":3,"2":3,"3":3,"4":3,"5":3,"6":3,"7":3,"8":3,"9":3,"10":1,"11":1,"12":3,"13":1,"14":1,"15":0,"16":1,"17":3,"18":5,"19":5,"20":2,"21":3,"22":3,"23":3,"24":3,"25":3,"26":0,"27":0,"28":0,"29":0,"30":0,"31":0,"32":0,"33":3,"34":0,"35":0,"36":0,"37":0,"38":3},"f":{"0":1,"1":1,"2":5,"3":0,"4":0},"b":{"0":[0,1],"1":[2,3],"2":[0,0],"3":[0,0],"4":[0,0]},"_coverageSchema":"1a1c01bbd47fc00a2c39e90264f33305004495a9","hash":"008f567fd9f138f1a0f56006bc27903481b727c7"}
,"C:\\Users\\Jae\\gameapps\\Vidly\\routes\\home.js": {"path":"C:\\Users\\Jae\\gameapps\\Vidly\\routes\\home.js","statementMap":{"0":{"start":{"line":1,"column":16},"end":{"line":1,"column":34}},"1":{"start":{"line":2,"column":13},"end":{"line":2,"column":29}},"2":{"start":{"line":4,"column":0},"end":{"line":6,"column":3}},"3":{"start":{"line":5,"column":4},"end":{"line":5,"column":84}},"4":{"start":{"line":8,"column":0},"end":{"line":8,"column":22}}},"fnMap":{"0":{"name":"(anonymous_0)","decl":{"start":{"line":4,"column":14},"end":{"line":4,"column":15}},"loc":{"start":{"line":4,"column":28},"end":{"line":6,"column":1}},"line":4}},"branchMap":{},"s":{"0":3,"1":3,"2":3,"3":0,"4":3},"f":{"0":0},"b":{},"_coverageSchema":"1a1c01bbd47fc00a2c39e90264f33305004495a9","hash":"f7db44944c4a0cc1b889559c4304e1951386903e"}
,"C:\\Users\\Jae\\gameapps\\Vidly\\routes\\movies.js": {"path":"C:\\Users\\Jae\\gameapps\\Vidly\\routes\\movies.js","statementMap":{"0":{"start":{"line":1,"column":28},"end":{"line":1,"column":54}},"1":{"start":{"line":2,"column":18},"end":{"line":2,"column":44}},"2":{"start":{"line":3,"column":17},"end":{"line":3,"column":36}},"3":{"start":{"line":4,"column":16},"end":{"line":4,"column":34}},"4":{"start":{"line":5,"column":13},"end":{"line":5,"column":42}},"5":{"start":{"line":6,"column":14},"end":{"line":6,"column":44}},"6":{"start":{"line":8,"column":15},"end":{"line":8,"column":31}},"7":{"start":{"line":14,"column":0},"end":{"line":18,"column":2}},"8":{"start":{"line":15,"column":4},"end":{"line":15,"column":51}},"9":{"start":{"line":16,"column":19},"end":{"line":16,"column":37}},"10":{"start":{"line":17,"column":4},"end":{"line":17,"column":21}},"11":{"start":{"line":21,"column":0},"end":{"line":28,"column":2}},"12":{"start":{"line":22,"column":18},"end":{"line":22,"column":53}},"13":{"start":{"line":25,"column":4},"end":{"line":25,"column":89}},"14":{"start":{"line":25,"column":16},"end":{"line":25,"column":89}},"15":{"start":{"line":27,"column":4},"end":{"line":27,"column":20}},"16":{"start":{"line":47,"column":0},"end":{"line":70,"column":2}},"17":{"start":{"line":48,"column":4},"end":{"line":48,"column":52}},"18":{"start":{"line":50,"column":22},"end":{"line":50,"column":40}},"19":{"start":{"line":51,"column":4},"end":{"line":51,"column":69}},"20":{"start":{"line":51,"column":15},"end":{"line":51,"column":69}},"21":{"start":{"line":53,"column":18},"end":{"line":53,"column":56}},"22":{"start":{"line":54,"column":4},"end":{"line":54,"column":61}},"23":{"start":{"line":54,"column":16},"end":{"line":54,"column":61}},"24":{"start":{"line":57,"column":18},"end":{"line":65,"column":6}},"25":{"start":{"line":67,"column":4},"end":{"line":67,"column":23}},"26":{"start":{"line":69,"column":4},"end":{"line":69,"column":20}},"27":{"start":{"line":84,"column":0},"end":{"line":84,"column":24}}},"fnMap":{"0":{"name":"(anonymous_0)","decl":{"start":{"line":14,"column":22},"end":{"line":14,"column":23}},"loc":{"start":{"line":14,"column":42},"end":{"line":18,"column":1}},"line":14},"1":{"name":"(anonymous_1)","decl":{"start":{"line":21,"column":34},"end":{"line":21,"column":35}},"loc":{"start":{"line":21,"column":54},"end":{"line":28,"column":1}},"line":21},"2":{"name":"(anonymous_2)","decl":{"start":{"line":47,"column":23},"end":{"line":47,"column":24}},"loc":{"start":{"line":47,"column":43},"end":{"line":70,"column":1}},"line":47}},"branchMap":{"0":{"loc":{"start":{"line":25,"column":4},"end":{"line":25,"column":89}},"type":"if","locations":[{"start":{"line":25,"column":4},"end":{"line":25,"column":89}},{"start":{"line":25,"column":4},"end":{"line":25,"column":89}}],"line":25},"1":{"loc":{"start":{"line":51,"column":4},"end":{"line":51,"column":69}},"type":"if","locations":[{"start":{"line":51,"column":4},"end":{"line":51,"column":69}},{"start":{"line":51,"column":4},"end":{"line":51,"column":69}}],"line":51},"2":{"loc":{"start":{"line":54,"column":4},"end":{"line":54,"column":61}},"type":"if","locations":[{"start":{"line":54,"column":4},"end":{"line":54,"column":61}},{"start":{"line":54,"column":4},"end":{"line":54,"column":61}}],"line":54}},"s":{"0":3,"1":3,"2":3,"3":3,"4":3,"5":3,"6":3,"7":3,"8":0,"9":0,"10":0,"11":3,"12":0,"13":0,"14":0,"15":0,"16":3,"17":0,"18":0,"19":0,"20":0,"21":0,"22":0,"23":0,"24":0,"25":0,"26":0,"27":3},"f":{"0":0,"1":0,"2":0},"b":{"0":[0,0],"1":[0,0],"2":[0,0]},"_coverageSchema":"1a1c01bbd47fc00a2c39e90264f33305004495a9","hash":"2c33d833666d43e8a9b18b93efc851dc8d2335fc"}
,"C:\\Users\\Jae\\gameapps\\Vidly\\routes\\rentals.js": {"path":"C:\\Users\\Jae\\gameapps\\Vidly\\routes\\rentals.js","statementMap":{"0":{"start":{"line":1,"column":30},"end":{"line":1,"column":57}},"1":{"start":{"line":2,"column":17},"end":{"line":2,"column":36}},"2":{"start":{"line":3,"column":16},"end":{"line":3,"column":34}},"3":{"start":{"line":4,"column":13},"end":{"line":4,"column":28}},"4":{"start":{"line":5,"column":13},"end":{"line":5,"column":42}},"5":{"start":{"line":7,"column":21},"end":{"line":7,"column":50}},"6":{"start":{"line":8,"column":17},"end":{"line":8,"column":43}},"7":{"start":{"line":10,"column":15},"end":{"line":10,"column":31}},"8":{"start":{"line":12,"column":0},"end":{"line":12,"column":20}},"9":{"start":{"line":22,"column":0},"end":{"line":25,"column":2}},"10":{"start":{"line":23,"column":20},"end":{"line":23,"column":56}},"11":{"start":{"line":24,"column":4},"end":{"line":24,"column":22}},"12":{"start":{"line":28,"column":0},"end":{"line":35,"column":2}},"13":{"start":{"line":29,"column":19},"end":{"line":29,"column":55}},"14":{"start":{"line":32,"column":4},"end":{"line":32,"column":91}},"15":{"start":{"line":32,"column":17},"end":{"line":32,"column":91}},"16":{"start":{"line":34,"column":4},"end":{"line":34,"column":21}},"17":{"start":{"line":37,"column":0},"end":{"line":48,"column":2}},"18":{"start":{"line":38,"column":19},"end":{"line":43,"column":21}},"19":{"start":{"line":45,"column":4},"end":{"line":45,"column":91}},"20":{"start":{"line":45,"column":17},"end":{"line":45,"column":91}},"21":{"start":{"line":47,"column":4},"end":{"line":47,"column":21}},"22":{"start":{"line":50,"column":0},"end":{"line":95,"column":2}},"23":{"start":{"line":52,"column":22},"end":{"line":52,"column":40}},"24":{"start":{"line":53,"column":4},"end":{"line":53,"column":69}},"25":{"start":{"line":53,"column":15},"end":{"line":53,"column":69}},"26":{"start":{"line":56,"column":21},"end":{"line":56,"column":65}},"27":{"start":{"line":57,"column":4},"end":{"line":57,"column":67}},"28":{"start":{"line":57,"column":19},"end":{"line":57,"column":67}},"29":{"start":{"line":60,"column":18},"end":{"line":60,"column":56}},"30":{"start":{"line":61,"column":4},"end":{"line":61,"column":61}},"31":{"start":{"line":61,"column":16},"end":{"line":61,"column":61}},"32":{"start":{"line":64,"column":4},"end":{"line":64,"column":85}},"33":{"start":{"line":64,"column":35},"end":{"line":64,"column":85}},"34":{"start":{"line":66,"column":17},"end":{"line":77,"column":6}},"35":{"start":{"line":83,"column":4},"end":{"line":94,"column":5}},"36":{"start":{"line":84,"column":8},"end":{"line":89,"column":19}},"37":{"start":{"line":90,"column":8},"end":{"line":90,"column":25}},"38":{"start":{"line":93,"column":8},"end":{"line":93,"column":54}},"39":{"start":{"line":97,"column":0},"end":{"line":103,"column":2}},"40":{"start":{"line":98,"column":19},"end":{"line":98,"column":64}},"41":{"start":{"line":100,"column":4},"end":{"line":100,"column":91}},"42":{"start":{"line":100,"column":17},"end":{"line":100,"column":91}},"43":{"start":{"line":102,"column":4},"end":{"line":102,"column":21}},"44":{"start":{"line":106,"column":0},"end":{"line":106,"column":24}}},"fnMap":{"0":{"name":"(anonymous_0)","decl":{"start":{"line":22,"column":22},"end":{"line":22,"column":23}},"loc":{"start":{"line":22,"column":42},"end":{"line":25,"column":1}},"line":22},"1":{"name":"(anonymous_1)","decl":{"start":{"line":28,"column":25},"end":{"line":28,"column":26}},"loc":{"start":{"line":28,"column":45},"end":{"line":35,"column":1}},"line":28},"2":{"name":"(anonymous_2)","decl":{"start":{"line":37,"column":25},"end":{"line":37,"column":26}},"loc":{"start":{"line":37,"column":45},"end":{"line":48,"column":1}},"line":37},"3":{"name":"(anonymous_3)","decl":{"start":{"line":50,"column":23},"end":{"line":50,"column":24}},"loc":{"start":{"line":50,"column":43},"end":{"line":95,"column":1}},"line":50},"4":{"name":"(anonymous_4)","decl":{"start":{"line":97,"column":28},"end":{"line":97,"column":29}},"loc":{"start":{"line":97,"column":48},"end":{"line":103,"column":1}},"line":97}},"branchMap":{"0":{"loc":{"start":{"line":32,"column":4},"end":{"line":32,"column":91}},"type":"if","locations":[{"start":{"line":32,"column":4},"end":{"line":32,"column":91}},{"start":{"line":32,"column":4},"end":{"line":32,"column":91}}],"line":32},"1":{"loc":{"start":{"line":45,"column":4},"end":{"line":45,"column":91}},"type":"if","locations":[{"start":{"line":45,"column":4},"end":{"line":45,"column":91}},{"start":{"line":45,"column":4},"end":{"line":45,"column":91}}],"line":45},"2":{"loc":{"start":{"line":53,"column":4},"end":{"line":53,"column":69}},"type":"if","locations":[{"start":{"line":53,"column":4},"end":{"line":53,"column":69}},{"start":{"line":53,"column":4},"end":{"line":53,"column":69}}],"line":53},"3":{"loc":{"start":{"line":57,"column":4},"end":{"line":57,"column":67}},"type":"if","locations":[{"start":{"line":57,"column":4},"end":{"line":57,"column":67}},{"start":{"line":57,"column":4},"end":{"line":57,"column":67}}],"line":57},"4":{"loc":{"start":{"line":61,"column":4},"end":{"line":61,"column":61}},"type":"if","locations":[{"start":{"line":61,"column":4},"end":{"line":61,"column":61}},{"start":{"line":61,"column":4},"end":{"line":61,"column":61}}],"line":61},"5":{"loc":{"start":{"line":64,"column":4},"end":{"line":64,"column":85}},"type":"if","locations":[{"start":{"line":64,"column":4},"end":{"line":64,"column":85}},{"start":{"line":64,"column":4},"end":{"line":64,"column":85}}],"line":64},"6":{"loc":{"start":{"line":100,"column":4},"end":{"line":100,"column":91}},"type":"if","locations":[{"start":{"line":100,"column":4},"end":{"line":100,"column":91}},{"start":{"line":100,"column":4},"end":{"line":100,"column":91}}],"line":100}},"s":{"0":3,"1":3,"2":3,"3":3,"4":3,"5":3,"6":3,"7":3,"8":3,"9":3,"10":0,"11":0,"12":3,"13":0,"14":0,"15":0,"16":0,"17":3,"18":0,"19":0,"20":0,"21":0,"22":3,"23":0,"24":0,"25":0,"26":0,"27":0,"28":0,"29":0,"30":0,"31":0,"32":0,"33":0,"34":0,"35":0,"36":0,"37":0,"38":0,"39":3,"40":0,"41":0,"42":0,"43":0,"44":3},"f":{"0":0,"1":0,"2":0,"3":0,"4":0},"b":{"0":[0,0],"1":[0,0],"2":[0,0],"3":[0,0],"4":[0,0],"5":[0,0],"6":[0,0]},"_coverageSchema":"1a1c01bbd47fc00a2c39e90264f33305004495a9","hash":"cd2b69bceea7b8aa5575973898b248ba8c6fcf50"}
,"C:\\Users\\Jae\\gameapps\\Vidly\\routes\\returns.js": {"path":"C:\\Users\\Jae\\gameapps\\Vidly\\routes\\returns.js","statementMap":{"0":{"start":{"line":1,"column":16},"end":{"line":1,"column":34}},"1":{"start":{"line":2,"column":15},"end":{"line":2,"column":31}},"2":{"start":{"line":3,"column":19},"end":{"line":3,"column":46}},"3":{"start":{"line":4,"column":18},"end":{"line":4,"column":44}},"4":{"start":{"line":5,"column":13},"end":{"line":5,"column":42}},"5":{"start":{"line":6,"column":15},"end":{"line":6,"column":32}},"6":{"start":{"line":8,"column":0},"end":{"line":31,"column":3}},"7":{"start":{"line":9,"column":4},"end":{"line":9,"column":85}},"8":{"start":{"line":9,"column":30},"end":{"line":9,"column":85}},"9":{"start":{"line":11,"column":19},"end":{"line":14,"column":6}},"10":{"start":{"line":15,"column":4},"end":{"line":15,"column":69}},"11":{"start":{"line":15,"column":16},"end":{"line":15,"column":69}},"12":{"start":{"line":17,"column":4},"end":{"line":17,"column":81}},"13":{"start":{"line":17,"column":28},"end":{"line":17,"column":81}},"14":{"start":{"line":19,"column":4},"end":{"line":19,"column":37}},"15":{"start":{"line":20,"column":23},"end":{"line":20,"column":60}},"16":{"start":{"line":22,"column":4},"end":{"line":22,"column":81}},"17":{"start":{"line":22,"column":20},"end":{"line":22,"column":81}},"18":{"start":{"line":24,"column":4},"end":{"line":24,"column":24}},"19":{"start":{"line":26,"column":4},"end":{"line":28,"column":7}},"20":{"start":{"line":30,"column":4},"end":{"line":30,"column":40}},"21":{"start":{"line":34,"column":0},"end":{"line":34,"column":24}}},"fnMap":{"0":{"name":"(anonymous_0)","decl":{"start":{"line":8,"column":23},"end":{"line":8,"column":24}},"loc":{"start":{"line":8,"column":43},"end":{"line":31,"column":1}},"line":8}},"branchMap":{"0":{"loc":{"start":{"line":9,"column":4},"end":{"line":9,"column":85}},"type":"if","locations":[{"start":{"line":9,"column":4},"end":{"line":9,"column":85}},{"start":{"line":9,"column":4},"end":{"line":9,"column":85}}],"line":9},"1":{"loc":{"start":{"line":15,"column":4},"end":{"line":15,"column":69}},"type":"if","locations":[{"start":{"line":15,"column":4},"end":{"line":15,"column":69}},{"start":{"line":15,"column":4},"end":{"line":15,"column":69}}],"line":15},"2":{"loc":{"start":{"line":17,"column":4},"end":{"line":17,"column":81}},"type":"if","locations":[{"start":{"line":17,"column":4},"end":{"line":17,"column":81}},{"start":{"line":17,"column":4},"end":{"line":17,"column":81}}],"line":17},"3":{"loc":{"start":{"line":22,"column":4},"end":{"line":22,"column":81}},"type":"if","locations":[{"start":{"line":22,"column":4},"end":{"line":22,"column":81}},{"start":{"line":22,"column":4},"end":{"line":22,"column":81}}],"line":22}},"s":{"0":3,"1":3,"2":3,"3":3,"4":3,"5":3,"6":3,"7":8,"8":1,"9":7,"10":7,"11":1,"12":6,"13":1,"14":5,"15":5,"16":5,"17":1,"18":5,"19":5,"20":5,"21":3},"f":{"0":8},"b":{"0":[1,7],"1":[1,6],"2":[1,5],"3":[1,4]},"_coverageSchema":"1a1c01bbd47fc00a2c39e90264f33305004495a9","hash":"a6a181fc11bb9beaf7cecf2d644da82ff8fa9403"}
,"C:\\Users\\Jae\\gameapps\\Vidly\\routes\\users.js": {"path":"C:\\Users\\Jae\\gameapps\\Vidly\\routes\\users.js","statementMap":{"0":{"start":{"line":1,"column":15},"end":{"line":1,"column":32}},"1":{"start":{"line":2,"column":27},"end":{"line":2,"column":52}},"2":{"start":{"line":3,"column":17},"end":{"line":3,"column":36}},"3":{"start":{"line":4,"column":16},"end":{"line":4,"column":34}},"4":{"start":{"line":5,"column":10},"end":{"line":5,"column":27}},"5":{"start":{"line":6,"column":12},"end":{"line":6,"column":35}},"6":{"start":{"line":7,"column":15},"end":{"line":7,"column":32}},"7":{"start":{"line":8,"column":13},"end":{"line":8,"column":42}},"8":{"start":{"line":10,"column":15},"end":{"line":10,"column":31}},"9":{"start":{"line":12,"column":0},"end":{"line":15,"column":2}},"10":{"start":{"line":13,"column":24},"end":{"line":13,"column":77}},"11":{"start":{"line":14,"column":4},"end":{"line":14,"column":26}},"12":{"start":{"line":17,"column":0},"end":{"line":37,"column":2}},"13":{"start":{"line":19,"column":22},"end":{"line":19,"column":40}},"14":{"start":{"line":20,"column":4},"end":{"line":20,"column":71}},"15":{"start":{"line":20,"column":14},"end":{"line":20,"column":71}},"16":{"start":{"line":23,"column":15},"end":{"line":23,"column":60}},"17":{"start":{"line":24,"column":4},"end":{"line":24,"column":69}},"18":{"start":{"line":24,"column":13},"end":{"line":24,"column":69}},"19":{"start":{"line":27,"column":4},"end":{"line":27,"column":69}},"20":{"start":{"line":29,"column":17},"end":{"line":29,"column":41}},"21":{"start":{"line":30,"column":19},"end":{"line":30,"column":57}},"22":{"start":{"line":31,"column":4},"end":{"line":31,"column":27}},"23":{"start":{"line":33,"column":4},"end":{"line":33,"column":22}},"24":{"start":{"line":35,"column":18},"end":{"line":35,"column":42}},"25":{"start":{"line":36,"column":4},"end":{"line":36,"column":83}},"26":{"start":{"line":39,"column":0},"end":{"line":39,"column":24}}},"fnMap":{"0":{"name":"(anonymous_0)","decl":{"start":{"line":12,"column":24},"end":{"line":12,"column":25}},"loc":{"start":{"line":12,"column":44},"end":{"line":15,"column":1}},"line":12},"1":{"name":"(anonymous_1)","decl":{"start":{"line":17,"column":17},"end":{"line":17,"column":18}},"loc":{"start":{"line":17,"column":37},"end":{"line":37,"column":1}},"line":17}},"branchMap":{"0":{"loc":{"start":{"line":20,"column":4},"end":{"line":20,"column":71}},"type":"if","locations":[{"start":{"line":20,"column":4},"end":{"line":20,"column":71}},{"start":{"line":20,"column":4},"end":{"line":20,"column":71}}],"line":20},"1":{"loc":{"start":{"line":24,"column":4},"end":{"line":24,"column":69}},"type":"if","locations":[{"start":{"line":24,"column":4},"end":{"line":24,"column":69}},{"start":{"line":24,"column":4},"end":{"line":24,"column":69}}],"line":24}},"s":{"0":3,"1":3,"2":3,"3":3,"4":3,"5":3,"6":3,"7":3,"8":3,"9":3,"10":0,"11":0,"12":3,"13":0,"14":0,"15":0,"16":0,"17":0,"18":0,"19":0,"20":0,"21":0,"22":0,"23":0,"24":0,"25":0,"26":3},"f":{"0":0,"1":0},"b":{"0":[0,0],"1":[0,0]},"_coverageSchema":"1a1c01bbd47fc00a2c39e90264f33305004495a9","hash":"b42396172d99c07dcdd684e496c17e6418119d7b"}
,"C:\\Users\\Jae\\gameapps\\Vidly\\startup\\config.js": {"path":"C:\\Users\\Jae\\gameapps\\Vidly\\startup\\config.js","statementMap":{"0":{"start":{"line":1,"column":15},"end":{"line":1,"column":32}},"1":{"start":{"line":3,"column":0},"end":{"line":15,"column":1}},"2":{"start":{"line":4,"column":4},"end":{"line":9,"column":5}},"3":{"start":{"line":6,"column":8},"end":{"line":6,"column":70}},"4":{"start":{"line":12,"column":4},"end":{"line":12,"column":59}}},"fnMap":{"0":{"name":"(anonymous_0)","decl":{"start":{"line":3,"column":17},"end":{"line":3,"column":18}},"loc":{"start":{"line":3,"column":28},"end":{"line":15,"column":1}},"line":3}},"branchMap":{"0":{"loc":{"start":{"line":4,"column":4},"end":{"line":9,"column":5}},"type":"if","locations":[{"start":{"line":4,"column":4},"end":{"line":9,"column":5}},{"start":{"line":4,"column":4},"end":{"line":9,"column":5}}],"line":4}},"s":{"0":3,"1":3,"2":3,"3":0,"4":3},"f":{"0":3},"b":{"0":[0,3]},"_coverageSchema":"1a1c01bbd47fc00a2c39e90264f33305004495a9","hash":"6d0944899eb18aa46a161a3217933ec55a6444ce"}
,"C:\\Users\\Jae\\gameapps\\Vidly\\startup\\db.js": {"path":"C:\\Users\\Jae\\gameapps\\Vidly\\startup\\db.js","statementMap":{"0":{"start":{"line":1,"column":16},"end":{"line":1,"column":34}},"1":{"start":{"line":2,"column":17},"end":{"line":2,"column":36}},"2":{"start":{"line":3,"column":15},"end":{"line":3,"column":32}},"3":{"start":{"line":5,"column":0},"end":{"line":13,"column":1}},"4":{"start":{"line":8,"column":15},"end":{"line":8,"column":31}},"5":{"start":{"line":9,"column":4},"end":{"line":11,"column":55}},"6":{"start":{"line":11,"column":20},"end":{"line":11,"column":54}}},"fnMap":{"0":{"name":"(anonymous_0)","decl":{"start":{"line":5,"column":17},"end":{"line":5,"column":18}},"loc":{"start":{"line":5,"column":28},"end":{"line":13,"column":1}},"line":5},"1":{"name":"(anonymous_1)","decl":{"start":{"line":11,"column":14},"end":{"line":11,"column":15}},"loc":{"start":{"line":11,"column":20},"end":{"line":11,"column":54}},"line":11}},"branchMap":{},"s":{"0":3,"1":3,"2":3,"3":3,"4":3,"5":3,"6":3},"f":{"0":3,"1":3},"b":{},"_coverageSchema":"1a1c01bbd47fc00a2c39e90264f33305004495a9","hash":"f30e467d040410989412e34210ae241b58cea3bf"}
,"C:\\Users\\Jae\\gameapps\\Vidly\\startup\\logging.js": {"path":"C:\\Users\\Jae\\gameapps\\Vidly\\startup\\logging.js","statementMap":{"0":{"start":{"line":1,"column":16},"end":{"line":1,"column":34}},"1":{"start":{"line":4,"column":0},"end":{"line":14,"column":1}},"2":{"start":{"line":5,"column":4},"end":{"line":5,"column":97}},"3":{"start":{"line":7,"column":4},"end":{"line":7,"column":73}},"4":{"start":{"line":10,"column":4},"end":{"line":13,"column":6}},"5":{"start":{"line":11,"column":8},"end":{"line":11,"column":52}},"6":{"start":{"line":12,"column":8},"end":{"line":12,"column":38}}},"fnMap":{"0":{"name":"(anonymous_0)","decl":{"start":{"line":4,"column":17},"end":{"line":4,"column":18}},"loc":{"start":{"line":4,"column":28},"end":{"line":14,"column":1}},"line":4},"1":{"name":"(anonymous_1)","decl":{"start":{"line":10,"column":36},"end":{"line":10,"column":37}},"loc":{"start":{"line":10,"column":44},"end":{"line":13,"column":5}},"line":10}},"branchMap":{},"s":{"0":3,"1":3,"2":0,"3":0,"4":0,"5":0,"6":0},"f":{"0":0,"1":0},"b":{},"_coverageSchema":"1a1c01bbd47fc00a2c39e90264f33305004495a9","hash":"9feac586c6ef48376657fb1fa8e2dd9d3bf121a1"}
,"C:\\Users\\Jae\\gameapps\\Vidly\\startup\\routes.js": {"path":"C:\\Users\\Jae\\gameapps\\Vidly\\startup\\routes.js","statementMap":{"0":{"start":{"line":1,"column":16},"end":{"line":1,"column":34}},"1":{"start":{"line":2,"column":13},"end":{"line":2,"column":38}},"2":{"start":{"line":3,"column":16},"end":{"line":3,"column":44}},"3":{"start":{"line":4,"column":15},"end":{"line":4,"column":42}},"4":{"start":{"line":5,"column":18},"end":{"line":5,"column":48}},"5":{"start":{"line":6,"column":15},"end":{"line":6,"column":42}},"6":{"start":{"line":7,"column":14},"end":{"line":7,"column":40}},"7":{"start":{"line":8,"column":13},"end":{"line":8,"column":38}},"8":{"start":{"line":9,"column":16},"end":{"line":9,"column":44}},"9":{"start":{"line":10,"column":14},"end":{"line":10,"column":44}},"10":{"start":{"line":13,"column":0},"end":{"line":24,"column":1}},"11":{"start":{"line":14,"column":4},"end":{"line":14,"column":28}},"12":{"start":{"line":15,"column":4},"end":{"line":15,"column":23}},"13":{"start":{"line":16,"column":4},"end":{"line":16,"column":35}},"14":{"start":{"line":17,"column":4},"end":{"line":17,"column":41}},"15":{"start":{"line":18,"column":4},"end":{"line":18,"column":37}},"16":{"start":{"line":19,"column":4},"end":{"line":19,"column":35}},"17":{"start":{"line":20,"column":4},"end":{"line":20,"column":33}},"18":{"start":{"line":21,"column":4},"end":{"line":21,"column":31}},"19":{"start":{"line":22,"column":4},"end":{"line":22,"column":37}},"20":{"start":{"line":23,"column":4},"end":{"line":23,"column":19}}},"fnMap":{"0":{"name":"(anonymous_0)","decl":{"start":{"line":13,"column":17},"end":{"line":13,"column":18}},"loc":{"start":{"line":13,"column":31},"end":{"line":24,"column":1}},"line":13}},"branchMap":{},"s":{"0":3,"1":3,"2":3,"3":3,"4":3,"5":3,"6":3,"7":3,"8":3,"9":3,"10":3,"11":3,"12":3,"13":3,"14":3,"15":3,"16":3,"17":3,"18":3,"19":3,"20":3},"f":{"0":3},"b":{},"_coverageSchema":"1a1c01bbd47fc00a2c39e90264f33305004495a9","hash":"93b9cbd8c2b7113d774c1f00992239415567f74c"}
,"C:\\Users\\Jae\\gameapps\\Vidly\\startup\\validation.js": {"path":"C:\\Users\\Jae\\gameapps\\Vidly\\startup\\validation.js","statementMap":{"0":{"start":{"line":1,"column":12},"end":{"line":1,"column":26}},"1":{"start":{"line":3,"column":0},"end":{"line":5,"column":1}},"2":{"start":{"line":4,"column":4},"end":{"line":4,"column":48}}},"fnMap":{"0":{"name":"(anonymous_0)","decl":{"start":{"line":3,"column":17},"end":{"line":3,"column":18}},"loc":{"start":{"line":3,"column":28},"end":{"line":5,"column":1}},"line":3}},"branchMap":{},"s":{"0":3,"1":3,"2":3},"f":{"0":3},"b":{},"_coverageSchema":"1a1c01bbd47fc00a2c39e90264f33305004495a9","hash":"93b718b2cca5e65eaac227b486a1236f52cfd3ea"}
}
